<?xml version="1.0" encoding="UTF-8"?>
<!-- Generated by org.testng.reporters.JUnitReportReporter -->
<testsuite skipped="0" hostname="com" name="com.TestCases.OrangeHRM_Login_TestCase" tests="1" failures="0" timestamp="2020-06-27T16:58:19 IST" time="9.109" errors="0">
  <testcase name="Login" time="9.109" classname="com.TestCases.OrangeHRM_Login_TestCase"/>
</testsuite> <!-- com.TestCases.OrangeHRM_Login_TestCase -->
