<?xml version="1.0" encoding="UTF-8"?>
<!-- Generated by org.testng.reporters.JUnitReportReporter -->
<testsuite hostname="com" name="com.TestCases.OrangeHRM_Admin_TestCase" tests="2" failures="0" timestamp="4 Jun 2020 12:43:45 GMT" time="15.552" errors="0">
  <testcase name="Admin" time="5.960" classname="com.TestCases.OrangeHRM_Admin_TestCase"/>
  <testcase name="Login" time="9.592" classname="com.TestCases.OrangeHRM_Admin_TestCase"/>
</testsuite> <!-- com.TestCases.OrangeHRM_Admin_TestCase -->
