<?xml version="1.0" encoding="UTF-8"?>
<!-- Generated by org.testng.reporters.JUnitReportReporter -->
<testsuite hostname="com" name="com.TestCases.OrangeHRM_Login_TestCase" tests="1" failures="0" timestamp="4 Jun 2020 12:43:45 GMT" time="13.311" errors="0">
  <testcase name="Login" time="13.311" classname="com.TestCases.OrangeHRM_Login_TestCase"/>
</testsuite> <!-- com.TestCases.OrangeHRM_Login_TestCase -->
