<?xml version="1.0" encoding="UTF-8"?>
<!-- Generated by org.testng.reporters.JUnitReportReporter -->
<testsuite hostname="com" name="com.TestCases.OrangeHRM_Leave_EmployeeEntitlement_TestCase2" tests="2" failures="0" timestamp="5 Jun 2020 14:46:06 GMT" time="38.233" errors="0">
  <testcase name="Leave" time="22.024" classname="com.TestCases.OrangeHRM_Leave_EmployeeEntitlement_TestCase2"/>
  <testcase name="Login" time="16.209" classname="com.TestCases.OrangeHRM_Leave_EmployeeEntitlement_TestCase2"/>
</testsuite> <!-- com.TestCases.OrangeHRM_Leave_EmployeeEntitlement_TestCase2 -->
