<?xml version="1.0" encoding="UTF-8"?>
<!-- Generated by org.testng.reporters.JUnitReportReporter -->
<testsuite skipped="0" hostname="DESKTOP-G28MNR6" name="com.TestCases.OrangeHRM_Login_TestCase" tests="1" failures="0" timestamp="2020-05-16T11:52:31 IST" time="2.281" errors="0">
  <testcase name="Login" time="2.281" classname="com.TestCases.OrangeHRM_Login_TestCase"/>
  <system-out/>
</testsuite> <!-- com.TestCases.OrangeHRM_Login_TestCase -->
