<?xml version="1.0" encoding="UTF-8"?>
<!-- Generated by org.testng.reporters.JUnitReportReporter -->
<testsuite skipped="0" hostname="com" name="com.TestCases.OrangeHRM_Admin_TestCase" tests="2" failures="0" timestamp="2020-06-27T16:54:57 IST" time="12.290" errors="0">
  <testcase name="Admin" time="4.802" classname="com.TestCases.OrangeHRM_Admin_TestCase"/>
  <testcase name="Login" time="7.488" classname="com.TestCases.OrangeHRM_Admin_TestCase"/>
</testsuite> <!-- com.TestCases.OrangeHRM_Admin_TestCase -->
