<?xml version="1.0" encoding="UTF-8"?>
<!-- Generated by org.testng.reporters.JUnitReportReporter -->
<testsuite hostname="sai-PC" name="com.TestCases.OrangeHRM_Leave_AssignLeave_TestCase" tests="2" failures="0" timestamp="8 Jun 2020 13:07:13 GMT" time="20.406" errors="0">
  <testcase name="Login" time="9.662" classname="com.TestCases.OrangeHRM_Leave_AssignLeave_TestCase"/>
  <testcase name="Admin" time="10.744" classname="com.TestCases.OrangeHRM_Leave_AssignLeave_TestCase"/>
</testsuite> <!-- com.TestCases.OrangeHRM_Leave_AssignLeave_TestCase -->
