<?xml version="1.0" encoding="UTF-8"?>
<!-- Generated by org.testng.reporters.JUnitReportReporter -->
<testsuite hostname="com" name="com.TestCases.OrangeHRM_Leave_AddEntitlement_TestCase2" tests="2" failures="0" timestamp="5 Jun 2020 14:20:36 GMT" time="18.630" errors="0">
  <testcase name="Login" time="10.625" classname="com.TestCases.OrangeHRM_Leave_AddEntitlement_TestCase2"/>
  <testcase name="Leave" time="8.005" classname="com.TestCases.OrangeHRM_Leave_AddEntitlement_TestCase2"/>
</testsuite> <!-- com.TestCases.OrangeHRM_Leave_AddEntitlement_TestCase2 -->
