<?xml version="1.0" encoding="UTF-8"?>
<!-- Generated by org.testng.reporters.JUnitReportReporter -->
<testsuite skipped="0" hostname="DESKTOP-G28MNR6" name="com.TestCases.OrangeHRM_Admin_TestCase" tests="2" failures="0" timestamp="2020-05-16T11:52:31 IST" time="6.289" errors="0">
  <testcase name="Admin" time="2.691" classname="com.TestCases.OrangeHRM_Admin_TestCase"/>
  <system-out/>
  <testcase name="Login" time="3.598" classname="com.TestCases.OrangeHRM_Admin_TestCase"/>
  <system-out/>
</testsuite> <!-- com.TestCases.OrangeHRM_Admin_TestCase -->
